INFO:root:New folder created: /Users/travis/Library/Mobile Documents/iCloud~md~obsidian/Documents/5e/..\/External_Imgs_to_Local_Files\

INFO:root:to receive the imgs and edited markdown files

INFO:root:Skipped file: all-index 2.json

INFO:root:Skipped file: 1-Party

INFO:root:Skipped file: 2-World

INFO:root:Skipped file: src-index.json

INFO:root:Skipped file: Img_To_Local_Python.log

INFO:root:Skipped file: .DS_Store

INFO:root:Skipped file: 1-DM Toolkit

INFO:root:Skipped file: 0-Obsidian TTRPG Tutorial

INFO:root:Skipped file: Untitled.canvas

INFO:root:Skipped file: z_Assets

INFO:root:Skipped file: .obsidian

INFO:root:Skipped file: z_Templates

INFO:root:Skipped file: 0-Scratch Notes

INFO:root:Opened file: README.md

INFO:root:Closed file: README.md

INFO:root:Skipped file: 1-Session Journals

INFO:root:Skipped file: 3-Mechanics

INFO:root:Skipped file: all-index.json

INFO:root:Skipped file: 2-Campaign

INFO:root:Skipped file: rules

INFO:root:Skipped file: src-index 2.json

INFO:root:Skipped file: compendium

INFO:root:Skipped file: z_Example Notes

INFO:root:Skipped file: main.py

